<?xml version="1.0" encoding="UTF-8"?>
<testng-results ignored="0" total="1" passed="1" failed="0" skipped="0">
  <reporter-output>
  </reporter-output>
  <suite started-at="2024-09-13T13:36:55 GST" name="Default suite" finished-at="2024-09-13T13:38:09 GST" duration-ms="74017">
    <groups>
    </groups>
    <test started-at="2024-09-13T13:36:55 GST" name="Default test" finished-at="2024-09-13T13:38:09 GST" duration-ms="74017">
      <class name="Project_test.RegistetTest">
        <test-method is-config="true" signature="setup()[pri:0, instance:Project_test.RegistetTest@3c19aaa5]" started-at="2024-09-13T13:36:55 GST" name="setup" finished-at="2024-09-13T13:36:57 GST" duration-ms="1380" status="PASS">
          <reporter-output>
          </reporter-output>
        </test-method> <!-- setup -->
        <test-method is-config="true" signature="url()[pri:0, instance:Project_test.RegistetTest@3c19aaa5]" started-at="2024-09-13T13:36:57 GST" name="url" finished-at="2024-09-13T13:38:03 GST" duration-ms="66349" status="PASS">
          <reporter-output>
          </reporter-output>
        </test-method> <!-- url -->
        <test-method signature="tesRegister()[pri:0, instance:Project_test.RegistetTest@3c19aaa5]" started-at="2024-09-13T13:38:03 GST" name="tesRegister" finished-at="2024-09-13T13:38:09 GST" duration-ms="6256" status="PASS">
          <reporter-output>
          </reporter-output>
        </test-method> <!-- tesRegister -->
      </class> <!-- Project_test.RegistetTest -->
    </test> <!-- Default test -->
  </suite> <!-- Default suite -->
</testng-results>
